<?xml version="1.0" encoding="utf-8"?>
<testsuites>
    <testsuite name="pytest" errors="0" failures="6" skipped="7" tests="1858" time="3378.106"
               timestamp="2022-10-10T13:26:46.450222" hostname="hugo-Latitude-5421">
        <testcase classname="" name="tests.test_env" time="0.000">
            <skipped message="collection skipped">
                ('/home/hugo/work/inmanta/github-repos/inmanta-core/tests/test_env.py', 41, 'Skipped: The tests in this
                module will fail if it runs against inmanta-core installed in editable mode, because the build tag on
                the development branch is set to .dev0 by default. The inmanta package protection feature would make pip
                install a non-editable version of the same package. But no version with build tag .dev0 exists on the
                python package repository.')
            </skipped>
        </testcase>
        <testcase classname="" name="tests.compiler.dataflow.test_model_graphic" time="0.000">
            <skipped message="collection skipped">
                ('/home/hugo/work/inmanta/github-repos/inmanta-core/tests/compiler/dataflow/test_model_graphic.py', 42,
                "Skipped: skipping graphic tests because graphviz fdp executable was not found in your $PATH. Install
                your distribution's graphviz package to resolve this.")
            </skipped>
        </testcase>
        <testcase classname="tests.compiler.dataflow.test_model_assignment"
                  name="test_dataflow_model_assignment_outside_constructor" time="2.549"/>
        <testcase classname="tests.compiler.dataflow.test_model_assignment"
                  name="test_dataflow_model_variable_assignment_double[False]" time="0.063"/>
        <testcase classname="tests.compiler.dataflow.test_model_assignment"
                  name="test_dataflow_model_variable_assignment" time="0.122"/>
        <testcase classname="tests.compiler.dataflow.test_model_assignment"
                  name="test_dataflow_model_variable_assignment_double[True]" time="0.063"/>
        <testcase classname="tests.compiler.dataflow.test_model_assignment"
                  name="test_dataflow_model_unassigned_dependency_error" time="0.061"/>
        <testcase classname="tests.compiler.dataflow.test_model_assignment"
                  name="test_dataflow_model_assignment_from_attribute[True]" time="0.063"/>
        <testcase classname="tests.compiler.dataflow.test_model_assignment" name="test_dataflow_model_no_leaf_error"
                  time="0.061"/>
        <testcase classname="tests.compiler.dataflow.test_model_assignment" name="test_dataflow_model_simple_assignment"
                  time="0.062"/>
        <testcase classname="tests.compiler.dataflow.test_model_assignment"
                  name="test_dataflow_model_primitive_assignment_responsible" time="0.062"/>
        <testcase classname="tests.compiler.dataflow.test_model_assignment"
                  name="test_dataflow_model_variable_assignment_responsible" time="0.062"/>
        <testcase classname="tests.compiler.dataflow.test_model_assignment"
                  name="test_dataflow_model_primitive_double_assignment_responsible" time="0.156"/>
        <testcase classname="tests.compiler.dataflow.test_model_assignment"
                  name="test_dataflow_model_attribute_assignment_responsible" time="0.063"/>
        <testcase classname="tests.compiler.dataflow.test_model_assignment"
                  name="test_dataflow_model_assignment_from_attribute[False]" time="0.063"/>
        <testcase classname="tests.compiler.dataflow.test_model_assignment" name="test_dataflow_model_result_variable"
                  time="0.063"/>
        <testcase classname="tests.compiler.test_relation_precedence_policy"
                  name="test_type_precedence_graph_cycle_disjunct_graphs" time="0.014"/>
        <testcase classname="tests.compiler.test_relation_precedence_policy"
                  name="test_type_precedence_graph_one_freeze_order[False]" time="0.013"/>
        <testcase classname="tests.compiler.test_relation_precedence_policy"
                  name="test_type_precedence_graph_disjunct_graphs" time="0.017"/>
        <testcase classname="tests.compiler.test_relation_precedence_policy"
                  name="test_type_precedence_graph_cycle_in_graph_with_root_nodes" time="0.032"/>
        <testcase classname="tests.compiler.test_relation_precedence_policy"
                  name="test_type_precedence_graph_one_freeze_order[True]" time="0.041"/>
        <testcase classname="tests.compiler.test_relation_precedence_policy"
                  name="test_type_precedence_graph_two_valid_freeze_orders" time="0.043"/>
        <testcase classname="tests.compiler.test_relation_precedence_policy"
                  name="test_type_precedence_graph_cycle_in_graph_without_root_nodes" time="0.040"/>
        <testcase classname="tests.test_data_model" name="test_model_inheritance" time="0.039"/>
        <testcase classname="tests.test_data_model" name="test_log_line_serialization" time="0.037"/>
        <testcase classname="tests.test_data_model" name="test_timezone_aware_fields_in_pydantic_object" time="0.039"/>
        <testcase classname="tests.test_data_model" name="test_resource_minimal_create_from_version" time="0.041"/>
        <testcase classname="tests.test_data_model" name="test_log_line_deserialization" time="0.044"/>
        <testcase classname="tests.test_data_model" name="test_union_bool_json" time="0.042"/>
        <testcase classname="tests.server.test_resourceservice" name="test_events_api_endpoints_basic_case"
                  time="5.986"/>
        <testcase classname="tests.server.test_resourceservice"
                  name="test_last_non_deploying_status_field_on_resource[deployment_endpoint]" time="4.723"/>
        <testcase classname="tests.server.test_resourceservice" name="test_log_deploy_start" time="2.445"/>
        <testcase classname="tests.server.test_resourceservice" name="test_events_resource_without_dependencies"
                  time="2.459"/>
        <testcase classname="tests.server.test_resourceservice" name="test_events_api_endpoints_events_across_versions"
                  time="4.809"/>
        <testcase classname="tests.server.test_resourceservice"
                  name="test_last_non_deploying_status_field_on_resource[resource_action_update]" time="4.812"/>
        <testcase classname="tests.db.migration_tests.test_v17_to_v202105170" name="test_timestamp_timezones"
                  time="7.099"/>
        <testcase classname="tests.compiler.test_error_explainer" name="test_optional_loop_list" time="0.096"/>
        <testcase classname="tests.compiler.test_error_explainer" name="test_optional_loop_reverse" time="0.092"/>
        <testcase classname="tests.compiler.test_error_explainer" name="test_optional_loop_forward" time="0.067"/>
        <testcase classname="tests.compiler.test_error_explainer" name="test_optional_loop_forward_tty" time="0.181"/>
        <testcase classname="tests.server.test_compilerservice" name="test_compilerservice_compile_data" time="7.794"/>
        <testcase classname="tests.server.test_compilerservice" name="test_uninstall_python_packages" time="31.269"/>
        <testcase classname="tests.server.test_compilerservice" name="test_notification_on_failed_exporting_compile"
                  time="0.622"/>
        <testcase classname="tests.server.test_compilerservice"
                  name="test_compileservice_auto_recompile_wait[2-0-This option is deprecated in favor of the recompile_backoff environment setting.-30]"
                  time="2.811"/>
        <testcase classname="tests.server.test_compilerservice" name="test_compileservice_api" time="0.423"/>
        <testcase classname="tests.server.test_compilerservice" name="test_server_partial_compile" time="2.326"/>
        <testcase classname="tests.server.test_compilerservice" name="test_compileservice_cleanup" time="1.324"/>
        <testcase classname="tests.server.test_compilerservice" name="test_compile_runner" time="37.743"/>
        <testcase classname="tests.server.test_compilerservice" name="test_git_uses_environment_variables"
                  time="1.228"/>
        <testcase classname="tests.server.test_compilerservice"
                  name="test_compileservice_auto_recompile_wait[0-2.1-The recompile_backoff environment setting is enabled and set to 2.1 seconds-20]"
                  time="2.838"/>
        <testcase classname="tests.server.test_compilerservice" name="test_scheduler" time="1.401"/>
        <testcase classname="tests.server.test_compilerservice" name="test_compilerservice_halt" time="0.371"/>
        <testcase classname="tests.server.test_compilerservice"
                  name="test_compiler_service_export_with_specified_exporter_plugin" time="4.506"/>
        <testcase classname="tests.server.test_compilerservice" name="test_server_recompile" time="35.091"/>
        <testcase classname="tests.server.test_compilerservice" name="test_e2e_recompile_failure" time="0.725"/>
        <testcase classname="tests.server.test_compilerservice" name="test_notification_on_failed_pull_during_compile"
                  time="3.673"/>
        <testcase classname="tests.server.test_compilerservice" name="test_compileservice_calculate_auto_recompile_wait"
                  time="0.360"/>
        <testcase classname="tests.server.test_compilerservice"
                  name="test_notification_failed_compile_with_message[a custom message]" time="3.425"/>
        <testcase classname="tests.server.test_compilerservice" name="test_issue_2361" time="0.591"/>
        <testcase classname="tests.server.test_compilerservice" name="test_compileservice_queue" time="0.942"/>
        <testcase classname="tests.server.test_compilerservice"
                  name="test_notification_failed_compile_with_message[None]" time="2.903"/>
        <testcase classname="tests.compiler.dataflow.test_model_root_cause" name="test_cyclic_model_a" time="0.075"/>
        <testcase classname="tests.compiler.dataflow.test_model_root_cause"
                  name="test_dataflow_model_root_cause[False-False]" time="0.074"/>
        <testcase classname="tests.compiler.dataflow.test_model_root_cause" name="test_cyclic_model_b" time="0.073"/>
        <testcase classname="tests.compiler.dataflow.test_model_root_cause"
                  name="test_dataflow_model_root_cause[False-True]" time="0.074"/>
        <testcase classname="tests.compiler.dataflow.test_model_root_cause"
                  name="test_dataflow_model_root_cause[True-True]" time="0.074"/>
        <testcase classname="tests.compiler.dataflow.test_model_root_cause"
                  name="test_dataflow_model_root_cause[True-False]" time="0.190"/>
        <testcase classname="tests.test_compiler_entrypoints" name="test_anchors_plugin" time="0.084"/>
        <testcase classname="tests.test_compiler_entrypoints" name="test_get_types_and_scopes" time="0.111"/>
        <testcase classname="tests.test_compiler_entrypoints" name="test_anchors_two" time="0.094"/>
        <testcase classname="tests.test_compiler_entrypoints" name="test_anchors_basic" time="0.085"/>
        <testcase classname="tests.test_cache" name="test_version_and_timout" time="0.257"/>
        <testcase classname="tests.test_cache" name="test_version" time="0.072"/>
        <testcase classname="tests.test_cache" name="test_get_or_else_none" time="0.069"/>
        <testcase classname="tests.test_cache" name="test_context_manager" time="0.069"/>
        <testcase classname="tests.test_cache" name="test_version_close" time="0.068"/>
        <testcase classname="tests.test_cache" name="test_base" time="0.068"/>
        <testcase classname="tests.test_cache" name="test_timout_and_version" time="0.276"/>
        <testcase classname="tests.test_cache" name="test_decorator" time="0.066"/>
        <testcase classname="tests.test_cache" name="test_resource_fail" time="0.068"/>
        <testcase classname="tests.test_cache" name="test_base_fail" time="0.084"/>
        <testcase classname="tests.test_cache" name="test_version_fail" time="0.068"/>
        <testcase classname="tests.test_cache" name="test_timout" time="0.275"/>
        <testcase classname="tests.test_cache" name="test_version_closed" time="0.070"/>
        <testcase classname="tests.test_cache" name="test_multi_threaded" time="0.081"/>
        <testcase classname="tests.test_cache" name="test_resource" time="0.068"/>
        <testcase classname="tests.test_cache" name="test_resource_and_version" time="0.072"/>
        <testcase classname="tests.test_cache" name="test_get_or_else" time="0.069"/>
        <testcase classname="tests.moduletool.test_add" name="test_module_add_v2_wrong_name_error" time="0.079"/>
        <testcase classname="tests.moduletool.test_add" name="test_module_add_v1_module_to_project" time="1.237"/>
        <testcase classname="tests.moduletool.test_add" name="test_module_add_preinstalled" time="6.154"/>
        <testcase classname="tests.moduletool.test_add" name="test_module_add_v2_module_to_v1_module" time="0.657"/>
        <testcase classname="tests.moduletool.test_add" name="test_module_add_v1_module_to_v1_module" time="0.063"/>
        <testcase classname="tests.moduletool.test_add" name="test_module_add_v2_module_to_project" time="5.132"/>
        <testcase classname="tests.moduletool.test_add" name="test_module_add_preinstalled_v1" time="1.644"/>
        <testcase classname="tests.moduletool.test_add" name="test_module_add_v2_module_to_v2_module" time="0.660"/>
        <testcase classname="tests.db.migration_tests.test_v202111260_to_v202203140"
                  name="test_added_notification_table" time="0.953"/>
        <testcase classname="tests.test_app"
                  name="test_log_file_set[2-True-regexes_required_lines3-regexes_forbidden_lines3]" time="0.644"/>
        <testcase classname="tests.test_app" name="test_minus_x_option[cmd2]" time="0.933"/>
        <testcase classname="tests.test_app" name="test_minus_x_option[cmd3]" time="0.944"/>
        <testcase classname="tests.test_app" name="test_check_bad_shutdown" time="4.055"/>
        <testcase classname="tests.test_app" name="test_compiler_exception_output[False]" time="1.844"/>
        <testcase classname="tests.test_app"
                  name="test_no_log_file_set[3-False-False-regexes_required_lines0-regexes_forbidden_lines0]"
                  time="0.568"/>
        <testcase classname="tests.test_app" name="test_minus_x_option[cmd5]" time="0.975"/>
        <testcase classname="tests.test_app" name="test_init_project" time="1.806"/>
        <testcase classname="tests.test_app" name="test_startup_failure" time="6.548"/>
        <testcase classname="tests.test_app"
                  name="test_no_log_file_set[2-False-False-regexes_required_lines1-regexes_forbidden_lines1]"
                  time="0.619"/>
        <testcase classname="tests.test_app" name="test_warning_config_dir_option_on_server_command" time="0.617"/>
        <testcase classname="tests.test_app" name="test_check_shutdown" time="3.317"/>
        <testcase classname="tests.test_app" name="test_minus_x_option[cmd0]" time="0.920"/>
        <testcase classname="tests.test_app"
                  name="test_version_argument_is_set[True-False-regexes_required_lines3-regexes_forbidden_lines3]"
                  time="0.575"/>
        <testcase classname="tests.test_app"
                  name="test_version_argument_is_set[False-False-regexes_required_lines2-regexes_forbidden_lines2]"
                  time="0.616"/>
        <testcase classname="tests.test_app"
                  name="test_version_argument_is_set[False-True-regexes_required_lines0-regexes_forbidden_lines0]"
                  time="0.629"/>
        <testcase classname="tests.test_app" name="test_minus_x_option[cmd1]" time="0.957"/>
        <testcase classname="tests.test_app" name="test_verify_that_colorama_package_is_not_present" time="0.031"/>
        <testcase classname="tests.test_app"
                  name="test_no_log_file_set[3-True-False-regexes_required_lines4-regexes_forbidden_lines4]"
                  time="0.629"/>
        <testcase classname="tests.test_app"
                  name="test_no_log_file_set[3-True-True-regexes_required_lines6-regexes_forbidden_lines6]"
                  time="0.627"/>
        <testcase classname="tests.test_app"
                  name="test_no_log_file_set[2-False-True-regexes_required_lines3-regexes_forbidden_lines3]"
                  time="0.613"/>
        <testcase classname="tests.test_app" name="test_compiler_exception_output[True]" time="1.810"/>
        <testcase classname="tests.test_app" name="test_minus_x_option[cmd4]" time="0.989"/>
        <testcase classname="tests.test_app"
                  name="test_log_file_set[3-False-regexes_required_lines0-regexes_forbidden_lines0]" time="0.634"/>
        <testcase classname="tests.test_app" name="test_warning_min_c_option_file_doesnt_exist" time="0.970"/>
        <testcase classname="tests.test_app"
                  name="test_version_argument_is_set[True-True-regexes_required_lines1-regexes_forbidden_lines1]"
                  time="0.643"/>
        <testcase classname="tests.test_app"
                  name="test_log_file_set[2-False-regexes_required_lines1-regexes_forbidden_lines1]" time="0.573"/>
        <testcase classname="tests.test_app"
                  name="test_log_file_set[3-True-regexes_required_lines2-regexes_forbidden_lines2]" time="0.692"/>
        <testcase classname="tests.test_app"
                  name="test_no_log_file_set[2-True-False-regexes_required_lines5-regexes_forbidden_lines5]"
                  time="0.592"/>
        <testcase classname="tests.test_app"
                  name="test_no_log_file_set[2-True-True-regexes_required_lines7-regexes_forbidden_lines7]"
                  time="0.592"/>
        <testcase classname="tests.test_app"
                  name="test_no_log_file_set[3-False-True-regexes_required_lines2-regexes_forbidden_lines2]"
                  time="0.626"/>
        <testcase classname="tests.test_type" name="test_dsl_types_type_string[True-True-int]" time="0.039"/>
        <testcase classname="tests.test_type" name="test_type_equals_simple[Bool]" time="0.071"/>
        <testcase classname="tests.test_type" name="test_attribute_validate[True-False]" time="0.071"/>
        <testcase classname="tests.test_type" name="test_attribute_validate[True-True]" time="0.071"/>
        <testcase classname="tests.test_type" name="test_dsl_types_type_string[False-True-list]" time="0.070"/>
        <testcase classname="tests.test_type" name="test_type_equals_simple[Integer]" time="0.070"/>
        <testcase classname="tests.test_type" name="test_type_equals_simple[String]" time="0.068"/>
        <testcase classname="tests.test_type" name="test_dsl_types_type_string[False-False-dict]" time="0.069"/>
        <testcase classname="tests.test_type" name="test_dsl_types_type_string[False-True-dict]" time="0.070"/>
        <testcase classname="tests.test_type" name="test_dsl_types_type_string[False-True-string]" time="0.072"/>
        <testcase classname="tests.test_type" name="test_dsl_types_type_string[False-True-number]" time="0.072"/>
        <testcase classname="tests.test_type" name="test_dsl_types_type_string[False-False-int]" time="0.070"/>
        <testcase classname="tests.test_type" name="test_dsl_types_type_string[False-False-string]" time="0.069"/>
        <testcase classname="tests.test_type" name="test_attribute_validate[False-False]" time="0.070"/>
        <testcase classname="tests.test_type" name="test_dsl_types_type_string[True-False-string]" time="0.071"/>
        <testcase classname="tests.test_type" name="test_dsl_types_type_string[False-False-number]" time="0.073"/>
        <testcase classname="tests.test_type" name="test_dsl_types_type_string[True-False-bool]" time="0.073"/>
        <testcase classname="tests.test_type" name="test_dsl_types_type_string[True-True-string]" time="0.079"/>
        <testcase classname="tests.test_type" name="test_dsl_types_type_string[False-True-int]" time="0.071"/>
        <testcase classname="tests.test_type" name="test_type_equals_simple[Number]" time="0.069"/>
        <testcase classname="tests.test_type" name="test_type_equals_simple[LiteralDict]" time="0.072"/>
        <testcase classname="tests.test_type" name="test_type_equals_transformations" time="0.069"/>
        <testcase classname="tests.test_type" name="test_dsl_types_type_string[True-True-dict]" time="0.070"/>
        <testcase classname="tests.test_type" name="test_dsl_types_type_string[False-False-list]" time="0.072"/>
        <testcase classname="tests.test_type" name="test_dsl_types_type_string[True-True-bool]" time="0.070"/>
        <testcase classname="tests.test_type" name="test_dsl_types_type_string[True-True-number]" time="0.068"/>
        <testcase classname="tests.test_type" name="test_dsl_types_type_string[False-True-bool]" time="0.069"/>
        <testcase classname="tests.test_type" name="test_dsl_types_type_string[True-False-int]" time="0.067"/>
        <testcase classname="tests.test_type" name="test_dsl_types_type_string[True-False-list]" time="0.028"/>
        <testcase classname="tests.test_type" name="test_dsl_types_type_string[False-False-bool]" time="0.027"/>
        <testcase classname="tests.test_type" name="test_dsl_types_type_string[True-False-number]" time="0.025"/>
        <testcase classname="tests.test_type" name="test_dsl_types_type_string[True-True-list]" time="0.024"/>
        <testcase classname="tests.test_type" name="test_attribute_validate[False-True]" time="0.022"/>
        <testcase classname="tests.test_type" name="test_type_equals_simple[LiteralList]" time="0.022"/>
        <testcase classname="tests.test_type" name="test_dsl_types_type_string[True-False-dict]" time="0.022"/>
        <testcase classname="tests.compiler.test_tracing" name="test_747_entity_multi_location" time="0.043"/>
        <testcase classname="tests.compiler.test_tracing" name="test_issue_261_tracing" time="0.075"/>
        <testcase classname="tests.compiler.test_tracing" name="test_trackingbug" time="0.233"/>
        <testcase classname="tests.compiler.test_index" name="test_511_index_on_default" time="0.077"/>
        <testcase classname="tests.compiler.test_index" name="test_747_index_collisions" time="0.076"/>
        <testcase classname="tests.compiler.test_index" name="test_index_undefined_attribute" time="0.073"/>
        <testcase classname="tests.compiler.test_index" name="test_issue_745_index_on_multi" time="0.073"/>
        <testcase classname="tests.compiler.test_index" name="test_issue_745_2689_index_on_optional[True]"
                  time="0.073"/>
        <testcase classname="tests.compiler.test_index" name="test_index_attribute_missing_in_constructor_call[False]"
                  time="0.076"/>
        <testcase classname="tests.compiler.test_index" name="test_394_short_index" time="0.078"/>
        <testcase classname="tests.compiler.test_index" name="test_issue_122_index_inheritance" time="0.075"/>
        <testcase classname="tests.compiler.test_index" name="test_index_lookup" time="0.108"/>
        <testcase classname="tests.compiler.test_index" name="test_index_collission_error_reporting" time="0.074"/>
        <testcase classname="tests.compiler.test_index" name="test_index_lookup_double_argument" time="0.097"/>
        <testcase classname="tests.compiler.test_index" name="test_issue_121_non_matching_index" time="0.104"/>
        <testcase classname="tests.compiler.test_index" name="test_394_short_index_bad" time="0.118"/>
        <testcase classname="tests.compiler.test_index" name="test_index_on_subtype_diamond_4" time="0.109"/>
        <testcase classname="tests.compiler.test_index" name="test_index_on_subtype_diamond" time="0.261"/>
        <testcase classname="tests.compiler.test_index" name="test_index_on_subtype2" time="0.075"/>
        <testcase classname="tests.compiler.test_index" name="test_issue_745_index_on_nullable" time="0.091"/>
        <testcase classname="tests.compiler.test_index" name="test_1652_index_on_missing_type_location" time="0.079"/>
        <testcase classname="tests.compiler.test_index" name="test_issue_140_index_error" time="0.075"/>
        <testcase classname="tests.compiler.test_index" name="test_747_index_collisions_invisible" time="0.079"/>
        <testcase classname="tests.compiler.test_index" name="test_index_attribute_missing_in_constructor_call[True]"
                  time="0.088"/>
        <testcase classname="tests.compiler.test_index" name="test_index_on_subtype_diamond_2" time="0.078"/>
        <testcase classname="tests.compiler.test_index" name="test_index_on_subtype" time="0.076"/>
        <testcase classname="tests.compiler.test_index" name="test_issue_745_2689_index_on_optional[False]"
                  time="0.073"/>
        <testcase classname="tests.compiler.test_index" name="test_issue_212_bad_index_defintion" time="0.072"/>
        <testcase classname="tests.compiler.test_index" name="test_issue_index_on_not_existing" time="0.072"/>
        <testcase classname="tests.compiler.test_index" name="test_index_on_subtype_diamond_3" time="0.072"/>
        <testcase classname="tests.compiler.dataflow.test_leaves" name="test_dataflow_attribute_reference_nodes"
                  time="0.022"/>
        <testcase classname="tests.compiler.dataflow.test_leaves"
                  name="test_dataflow_variable_loop_with_value_assignment_leaves" time="0.021"/>
        <testcase classname="tests.compiler.dataflow.test_leaves" name="test_dataflow_simple_leaf" time="0.023"/>
        <testcase classname="tests.compiler.dataflow.test_leaves" name="test_dataflow_variable_loop_leaves"
                  time="0.022"/>
        <testcase classname="tests.compiler.dataflow.test_leaves"
                  name="test_dataflow_variable_loop_with_external_assignment_leaves" time="0.022"/>
        <testcase classname="tests.compiler.dataflow.test_leaves" name="test_dataflow_variable_tree_leaves[value_node1]"
                  time="0.023"/>
        <testcase classname="tests.compiler.dataflow.test_leaves" name="test_dataflow_variable_tree_leaves[value_node0]"
                  time="0.023"/>
        <testcase classname="tests.compiler.dataflow.test_leaves" name="test_dataflow_variable_chain_leaf"
                  time="0.023"/>
        <testcase classname="tests.compiler.dataflow.test_leaves" name="test_dataflow_reference_nodes" time="0.022"/>
        <testcase classname="tests.compiler.dataflow.test_assignment"
                  name="test_dataflow_tentative_attribute_propagation_on_equivalence" time="0.053"/>
        <testcase classname="tests.compiler.dataflow.test_assignment" name="test_dataflow_primitive_assignment"
                  time="0.080"/>
        <testcase classname="tests.compiler.dataflow.test_assignment" name="test_attribute_assignment[True]"
                  time="0.047"/>
        <testcase classname="tests.compiler.dataflow.test_assignment"
                  name="test_dataflow_assignment_node_nested_tentative" time="0.029"/>
        <testcase classname="tests.compiler.dataflow.test_assignment"
                  name="test_dataflow_tentative_attribute_propagation_to_uninitialized_attribute" time="0.030"/>
        <testcase classname="tests.compiler.dataflow.test_assignment"
                  name="test_dataflow_assignment_node_attribute[True]" time="0.035"/>
        <testcase classname="tests.compiler.dataflow.test_assignment"
                  name="test_dataflow_assignment_node_attribute[False]" time="0.031"/>
        <testcase classname="tests.compiler.dataflow.test_assignment" name="test_dataflow_assignment_node_simple"
                  time="0.030"/>
        <testcase classname="tests.compiler.dataflow.test_assignment"
                  name="test_dataflow_tentative_attribute_propagation" time="0.027"/>
        <testcase classname="tests.compiler.dataflow.test_assignment"
                  name="test_dataflow_tentative_attribute_propagation_over_uninitialized_attribute" time="0.026"/>
        <testcase classname="tests.compiler.dataflow.test_assignment" name="test_attribute_assignment[False]"
                  time="0.028"/>
        <testcase classname="tests.server.test_databaseservice" name="test_agent_process_cleanup" time="3.749"/>
        <testcase classname="tests.server.test_facts_api" name="test_facts_paging[ASC-resource_id]" time="3.161"/>
        <testcase classname="tests.server.test_facts_api" name="test_fact_list_filters" time="3.189"/>
        <testcase classname="tests.server.test_facts_api" name="test_facts_paging[DESC-resource_id]" time="2.973"/>
        <testcase classname="tests.server.test_facts_api" name="test_filter_validation" time="3.182"/>
        <testcase classname="tests.server.test_facts_api" name="test_get_facts" time="3.107"/>
        <testcase classname="tests.server.test_facts_api" name="test_facts_paging[ASC-name]" time="3.177"/>
        <testcase classname="tests.server.test_facts_api" name="test_sorting_validation" time="3.050"/>
        <testcase classname="tests.server.test_facts_api" name="test_facts_paging[DESC-name]" time="3.065"/>
        <testcase classname="tests.agent_server.test_server_agent" name="test_register_setting" time="1.596"/>
        <testcase classname="tests.agent_server.test_server_agent" name="test_auto_deploy[push_full_deploy-2-1-2-2]"
                  time="9.526"/>
        <testcase classname="tests.agent_server.test_server_agent"
                  name="test_agentinstance_stops_deploying_when_stopped" time="9.850"/>
        <testcase classname="tests.agent_server.test_server_agent" name="test_cross_agent_deps" time="10.106">
            <failure message="AssertionError: assert 'deploying' == 'success'&#10;  - success&#10;  + deploying">
                resource_container = ResourceContainer(Provider=&lt;class 'conftest.resource_container.&lt;locals&gt;.Provider'&gt;,
                waiter=&lt;Condition(&lt;unlocked _threa...it_for_condition_with_waiters=&lt;function
                resource_container.&lt;locals&gt;.wait_for_condition_with_waiters at 0x7f69870d4e50&gt;)
                server = &lt;inmanta.server.protocol.Server object at 0x7f6987151760&gt;, client = &lt;inmanta.protocol.endpoints.Client
                object at 0x7f69870e35e0&gt;, environment = 'f39daec3-fc7c-42c5-ab21-ea3c1abbeb8c'
                clienthelper = &lt;utils.ClientHelper object at 0x7f69870e3ee0&gt;, no_agent_backoff = None

                async def test_cross_agent_deps(resource_container, server, client, environment, clienthelper,
                no_agent_backoff):
                """
                deploy a configuration model with cross host dependency

                This test also verifies correct handling of spaces in url parameters on the return channel
                """
                agentmanager = server.get_slice(SLICE_AGENT_MANAGER)

                resource_container.Provider.reset()
                # config for recovery mechanism
                Config.set("config", "agent-deploy-interval", "10")

                env_id = environment

                agent = Agent(hostname="node1", environment=env_id, agent_map={"agent 1": "localhost"},
                code_loader=False)
                await agent.add_end_point_name("agent 1")
                await agent.start()
                await retry_limited(lambda: len(agentmanager.sessions) == 1, 10)

                agent2 = Agent(hostname="node2", environment=env_id, agent_map={"agent2": "localhost"},
                code_loader=False)
                await agent2.add_end_point_name("agent2")
                await agent2.start()
                await retry_limited(lambda: len(agentmanager.sessions) == 2, 10)

                resource_container.Provider.set("agent 1", "key2", "incorrect_value")
                resource_container.Provider.set("agent 1", "key3", "value")

                version = await clienthelper.get_version()

                resources = [
                {
                "key": "key1",
                "value": "value1",
                "id": "test::Resource[agent 1,key=key1],v=%d" % version,
                "purged": False,
                "send_event": False,
                "requires": ["test::Wait[agent 1,key=key2],v=%d" % version, "test::Resource[agent2,key=key3],v=%d" %
                version],
                },
                {
                "key": "key2",
                "value": "value2",
                "id": "test::Wait[agent 1,key=key2],v=%d" % version,
                "requires": [],
                "purged": False,
                "send_event": False,
                },
                {
                "key": "key3",
                "value": "value3",
                "id": "test::Resource[agent2,key=key3],v=%d" % version,
                "requires": [],
                "purged": False,
                "send_event": False,
                },
                {
                "key": "key4",
                "value": "value4",
                "id": "test::Resource[agent2,key=key4],v=%d" % version,
                "requires": [],
                "purged": False,
                "send_event": False,
                },
                ]

                result = await client.put_version(
                tid=env_id, version=version, resources=resources, unknowns=[], version_info={},
                compiler_version=get_compiler_version()
                )
                assert result.code == 200

                # do a deploy
                result = await client.release_version(env_id, version, True, const.AgentTriggerMethod.push_full_deploy)
                assert result.code == 200
                assert not result.result["model"]["deployed"]
                assert result.result["model"]["released"]
                assert result.result["model"]["total"] == 4
                assert result.result["model"]["result"] == const.VersionState.deploying.name

                result = await client.get_version(env_id, version)
                assert result.code == 200

                while result.result["model"]["done"] == 0:
                result = await client.get_version(env_id, version)
                await asyncio.sleep(0.1)

                result = await resource_container.wait_for_done_with_waiters(client, env_id, version)

                assert result.result["model"]["done"] == len(resources)
                &gt; assert result.result["model"]["result"] == const.VersionState.success.name
                E AssertionError: assert 'deploying' == 'success'
                E - success
                E + deploying

                tests/agent_server/test_server_agent.py:1223: AssertionError
            </failure>
        </testcase>
        <testcase classname="tests.agent_server.test_server_agent" name="test_deploy_with_undefined" time="9.141"/>
        <testcase classname="tests.agent_server.test_server_agent" name="test_deploy_and_events[skip-success]"
                  time="9.747"/>
        <testcase classname="tests.agent_server.test_server_agent" name="test_format_token_in_logline" time="7.731"/>
        <testcase classname="tests.agent_server.test_server_agent" name="test_deploy_and_events[skip-skip]"
                  time="9.005"/>
        <testcase classname="tests.agent_server.test_server_agent" name="test_inprogress" time="8.569"/>
        <testcase classname="tests.agent_server.test_server_agent" name="test_get_set_param" time="1.586"/>
        <testcase classname="tests.agent_server.test_server_agent" name="test_agent_stop_deploying_when_paused"
                  time="9.872"/>
        <testcase classname="tests.agent_server.test_server_agent" name="test_s_deploy_during_deploy" time="12.194"/>
        <testcase classname="tests.agent_server.test_server_agent" name="test_spontaneous_deploy" time="10.078"/>
        <testcase classname="tests.agent_server.test_server_agent" name="test_autostart_mapping_update_uri"
                  time="1.959"/>
        <testcase classname="tests.agent_server.test_server_agent" name="test_wait" time="12.747"/>
        <testcase classname="tests.agent_server.test_server_agent" name="test_restart_agent_with_outdated_agent_map"
                  time="4.029"/>
        <testcase classname="tests.agent_server.test_server_agent" name="test_deploy_and_events[success-skip]"
                  time="9.727"/>
        <testcase classname="tests.agent_server.test_server_agent" name="test_push_incremental_deploy[False]"
                  time="10.425"/>
        <testcase classname="tests.agent_server.test_server_agent" name="test_s_repair_postponed_due_to_running_deploy"
                  time="7.502"/>
        <testcase classname="tests.agent_server.test_server_agent" name="test_deploy_empty" time="3.180"/>
        <testcase classname="tests.agent_server.test_server_agent" name="test_deploy_and_events[skip-undefined]"
                  time="9.010"/>
        <testcase classname="tests.agent_server.test_server_agent" name="test_autostart_clear_environment"
                  time="13.540"/>
        <testcase classname="tests.agent_server.test_server_agent"
                  name="test_s_full_deploy_interrupts_incremental_deploy" time="10.575"/>
        <testcase classname="tests.agent_server.test_server_agent" name="test_reload[skip]" time="8.415"/>
        <testcase classname="tests.agent_server.test_server_agent" name="test_deploy_and_events[skip-fail]"
                  time="9.832"/>
        <testcase classname="tests.agent_server.test_server_agent" name="test_failing_deploy_no_handler" time="7.892"/>
        <testcase classname="tests.agent_server.test_server_agent" name="test_deploy_handler_method" time="11.354"/>
        <testcase classname="tests.agent_server.test_server_agent" name="test_1016_cache_invalidation" time="9.971"/>
        <testcase classname="tests.agent_server.test_server_agent" name="test_export_duplicate" time="0.086"/>
        <testcase classname="tests.agent_server.test_server_agent" name="test_deploy_and_events[fail-undefined]"
                  time="8.035"/>
        <testcase classname="tests.agent_server.test_server_agent" name="test_auto_deploy_no_splay" time="9.287"/>
        <testcase classname="tests.agent_server.test_server_agent" name="test_bad_post_get_facts" time="7.814"/>
        <testcase classname="tests.agent_server.test_server_agent" name="test_issue_1662" time="7.680"/>
        <testcase classname="tests.agent_server.test_server_agent" name="test_server_agent_api" time="4.654"/>
        <testcase classname="tests.agent_server.test_server_agent" name="test_server_restart" time="13.798"/>
        <testcase classname="tests.agent_server.test_server_agent" name="test_set_fact_in_handler" time="8.761"/>
        <testcase classname="tests.agent_server.test_server_agent"
                  name="test_s_incremental_deploy_interrupts_full_deploy" time="13.542"/>
        <testcase classname="tests.agent_server.test_server_agent"
                  name="test_push_incremental_deploy[use_agent_trigger_method_setting0]" time="15.674"/>
        <testcase classname="tests.agent_server.test_server_agent" name="test_fail" time="18.828">
            <failure message="AssertionError: Bounded wait failed">fun = &lt;function _wait_until_deployment_finishes.&lt;locals&gt;.is_deployment_finished
                at 0x7f696ea4ba60&gt;
                timeout = 10, interval = 0.1, args = (), kwargs = {}

                async def retry_limited(
                fun: Union[abc.Callable[..., bool], abc.Callable[..., abc.Awaitable[bool]]],
                timeout: float,
                interval: float = 0.1,
                *args: object,
                **kwargs: object,
                ) -&gt; None:
                try:
                &gt; await util.retry_limited(fun, timeout, interval, *args, **kwargs)

                tests/utils.py:65:
                _ _ _ _ _ _ _ _ _ _ _ _ _ _ _ _ _ _ _ _ _ _ _ _ _ _ _ _ _ _ _ _ _ _ _ _ _ _ _ _ _ _ _ _ _ _ _

                fun = &lt;function _wait_until_deployment_finishes.&lt;locals&gt;.is_deployment_finished at
                0x7f696ea4ba60&gt;
                timeout = 10, interval = 0.1, args = (), kwargs = {}
                fun_wrapper = &lt;function retry_limited.&lt;locals&gt;.fun_wrapper at 0x7f696ea4b670&gt;
                start = 1665401814.4926512

                async def retry_limited(
                fun: Union[abc.Callable[..., bool], abc.Callable[..., abc.Awaitable[bool]]],
                timeout: float,
                interval: float = 0.1,
                *args: object,
                **kwargs: object,
                ) -&gt; None:
                async def fun_wrapper() -&gt; bool:
                if inspect.iscoroutinefunction(fun):
                return await fun(*args, **kwargs)
                else:
                return fun(*args, **kwargs)

                start = time.time()
                while time.time() - start &lt; timeout and not (await fun_wrapper()):
                await asyncio.sleep(interval)
                if not (await fun_wrapper()):
                &gt; raise asyncio.TimeoutError()
                E asyncio.exceptions.TimeoutError

                src/inmanta/util.py:500: TimeoutError

                During handling of the above exception, another exception occurred:

                resource_container = ResourceContainer(Provider=&lt;class 'conftest.resource_container.&lt;locals&gt;.Provider'&gt;,
                waiter=&lt;Condition(&lt;unlocked _threa...it_for_condition_with_waiters=&lt;function
                resource_container.&lt;locals&gt;.wait_for_condition_with_waiters at 0x7f696f717c10&gt;)
                client = &lt;inmanta.protocol.endpoints.Client object at 0x7f6986a29cd0&gt;
                agent = &lt;inmanta.agent.agent.Agent object at 0x7f696f716be0&gt;
                environment = '6228cb3d-9237-45dd-8d47-d8e7863e95d6'
                clienthelper = &lt;utils.ClientHelper object at 0x7f6986a54ac0&gt;
                async_finalizer = &lt;conftest.AsyncCleaner object at 0x7f69846ffbe0&gt;, no_agent_backoff = None

                async def test_fail(resource_container, client, agent, environment, clienthelper, async_finalizer,
                no_agent_backoff):
                """
                Test results when a step fails
                """
                resource_container.Provider.reset()

                resource_container.Provider.set("agent1", "key", "value")

                env_id = environment

                version = await clienthelper.get_version()

                resources = [
                {
                "key": "key",
                "value": "value",
                "id": "test::Fail[agent1,key=key],v=%d" % version,
                "requires": [],
                "purged": False,
                "send_event": False,
                },
                {
                "key": "key2",
                "value": "value",
                "id": "test::Resource[agent1,key=key2],v=%d" % version,
                "requires": ["test::Fail[agent1,key=key],v=%d" % version],
                "purged": False,
                "send_event": False,
                },
                {
                "key": "key3",
                "value": "value",
                "id": "test::Resource[agent1,key=key3],v=%d" % version,
                "requires": ["test::Fail[agent1,key=key],v=%d" % version],
                "purged": False,
                "send_event": False,
                },
                {
                "key": "key4",
                "value": "value",
                "id": "test::Resource[agent1,key=key4],v=%d" % version,
                "requires": ["test::Resource[agent1,key=key3],v=%d" % version],
                "purged": False,
                "send_event": False,
                },
                {
                "key": "key5",
                "value": "value",
                "id": "test::Resource[agent1,key=key5],v=%d" % version,
                "requires": ["test::Resource[agent1,key=key4],v=%d" % version, "test::Fail[agent1,key=key],v=%d" %
                version],
                "purged": False,
                "send_event": False,
                },
                ]

                await clienthelper.put_version_simple(resources, version)

                # deploy and wait until done
                result = await client.release_version(env_id, version, True, const.AgentTriggerMethod.push_full_deploy)
                assert result.code == 200

                result = await client.get_version(env_id, version)
                assert result.code == 200

                &gt; await _wait_until_deployment_finishes(client, env_id, version)

                tests/agent_server/test_server_agent.py:856:
                _ _ _ _ _ _ _ _ _ _ _ _ _ _ _ _ _ _ _ _ _ _ _ _ _ _ _ _ _ _ _ _ _ _ _ _ _ _ _ _ _ _ _ _ _ _ _
                tests/utils.py:305: in _wait_until_deployment_finishes
                await retry_limited(is_deployment_finished, timeout)
                _ _ _ _ _ _ _ _ _ _ _ _ _ _ _ _ _ _ _ _ _ _ _ _ _ _ _ _ _ _ _ _ _ _ _ _ _ _ _ _ _ _ _ _ _ _ _

                fun = &lt;function _wait_until_deployment_finishes.&lt;locals&gt;.is_deployment_finished at
                0x7f696ea4ba60&gt;
                timeout = 10, interval = 0.1, args = (), kwargs = {}

                async def retry_limited(
                fun: Union[abc.Callable[..., bool], abc.Callable[..., abc.Awaitable[bool]]],
                timeout: float,
                interval: float = 0.1,
                *args: object,
                **kwargs: object,
                ) -&gt; None:
                try:
                await util.retry_limited(fun, timeout, interval, *args, **kwargs)
                except asyncio.TimeoutError:
                &gt; raise AssertionError("Bounded wait failed")
                E AssertionError: Bounded wait failed

                tests/utils.py:67: AssertionError
            </failure>
        </testcase>
        <testcase classname="tests.agent_server.test_server_agent" name="test_reload[nochange]" time="14.847"/>
        <testcase classname="tests.agent_server.test_server_agent" name="test_deploy_no_code" time="17.063"/>
        <testcase classname="tests.agent_server.test_server_agent"
                  name="test_auto_deploy[push_incremental_deploy-1-1-2-2]" time="16.205"/>
        <testcase classname="tests.agent_server.test_server_agent" name="test_deploy_and_events[fail-success]"
                  time="17.692"/>
        <testcase classname="tests.agent_server.test_server_agent" name="test_deploy_and_events[fail-skip]"
                  time="17.684"/>
        <testcase classname="tests.agent_server.test_server_agent" name="test_reload[fail]" time="17.634"/>
        <testcase classname="tests.agent_server.test_server_agent" name="test_agent_run_sync" time="10.028"/>
        <testcase classname="tests.agent_server.test_server_agent" name="test_dual_agent" time="8.711"/>
        <testcase classname="tests.agent_server.test_server_agent" name="test_reload[changed]" time="8.501"/>
        <testcase classname="tests.agent_server.test_server_agent" name="test_deploy_and_events[success-fail]"
                  time="8.747"/>
        <testcase classname="tests.agent_server.test_server_agent" name="test_spontaneous_repair" time="9.561"/>
        <testcase classname="tests.agent_server.test_server_agent" name="test_deploy_and_events[fail-fail]"
                  time="9.404"/>
        <testcase classname="tests.agent_server.test_server_agent" name="test_s_repair_interrupted_by_deploy_request"
                  time="10.694"/>
        <testcase classname="tests.agent_server.test_server_agent" name="test_multi_instance" time="9.888"/>
        <testcase classname="tests.agent_server.test_server_agent" name="test_deploy_and_events[success-undefined]"
                  time="8.882"/>
        <testcase classname="tests.agent_server.test_server_agent"
                  name="test_stop_autostarted_agents_on_project_removal" time="10.197"/>
        <testcase classname="tests.agent_server.test_server_agent" name="test_unkown_parameters" time="6.805"/>
        <testcase classname="tests.agent_server.test_server_agent" name="test_deploy_and_events[success-success]"
                  time="9.177"/>
        <testcase classname="tests.agent_server.test_server_agent" name="test_agent_lockout" time="4.888"/>
        <testcase classname="tests.agent_server.test_server_agent" name="test_s_repair_during_repair" time="10.015"/>
        <testcase classname="tests.agent_server.test_server_agent" name="test_autostart_mapping" time="9.030"/>
        <testcase classname="tests.agent_server.test_server_agent" name="test_push_full_deploy[True-push_full_deploy]"
                  time="9.938"/>
        <testcase classname="tests.agent_server.test_server_agent"
                  name="test_stop_autostarted_agents_on_environment_removal" time="12.747"/>
        <testcase classname="tests.agent_server.test_server_agent" name="test_push_full_deploy[True-None]"
                  time="14.430"/>
        <testcase classname="tests.compiler.test_null" name="test_null_err" time="0.176"/>
        <testcase classname="tests.compiler.test_null" name="test_null_on_list" time="0.483"/>
        <testcase classname="tests.compiler.test_null" name="test_null_unset_hang" time="0.158"/>
        <testcase classname="tests.compiler.test_null" name="test_null_on_dict" time="0.162"/>
        <testcase classname="tests.compiler.test_null" name="test_null_on_dict_err" time="0.053"/>
        <testcase classname="tests.compiler.test_null" name="test_null" time="0.153"/>
        <testcase classname="tests.compiler.test_null" name="test_null_on_list_err" time="0.160"/>
        <testcase classname="tests.compiler.test_null" name="test_null_unset" time="0.161"/>
        <testcase classname="tests.db.test_db_schema" name="test_dbschema_update_legacy_contained" time="1.481"/>
        <testcase classname="tests.db.test_db_schema" name="test_dbschema_get_dct_filter_invalid_names" time="0.036"/>
        <testcase classname="tests.db.test_db_schema" name="test_dbschema_update_db_schema_failure" time="2.716"/>
        <testcase classname="tests.db.test_db_schema" name="test_dbschema_update_db_schema" time="9.136"/>
        <testcase classname="tests.db.test_db_schema" name="test_dbschema_clean" time="5.167"/>
        <testcase classname="tests.db.test_db_schema" name="test_dbschema_update_legacy_1" time="5.271"/>
        <testcase classname="tests.db.test_db_schema" name="test_dbschema_get_dct_with_update_functions" time="0.025"/>
        <testcase classname="tests.db.test_db_schema" name="test_multi_upgrade_lockout" time="6.727"/>
        <testcase classname="tests.db.test_db_schema" name="test_dbschema_update_legacy_table_concurrent" time="2.833"/>
        <testcase classname="tests.db.test_db_schema" name="test_dbschema_update_legacy_2" time="5.194"/>
        <testcase classname="tests.db.test_db_schema" name="test_dbschema_partial_update_db_schema_failure"
                  time="2.678"/>
        <testcase classname="tests.db.test_db_schema" name="test_dbschema_unclean" time="5.143"/>
        <testcase classname="tests.db.test_db_schema" name="test_dbschema_ensure_self_update" time="0.207"/>
        <testcase classname="tests.db.test_db_schema" name="test_dbschema_get_dct_filter_disabled" time="0.042"/>
        <testcase classname="tests.compiler.test_typing" name="test_types_base_type[base_type1]" time="0.062"/>
        <testcase classname="tests.compiler.test_typing" name="test_types_base_type[base_type2]" time="0.052"/>
        <testcase classname="tests.compiler.test_typing" name="test_2132_inheritance_type_override[[]-]" time="0.623"/>
        <testcase classname="tests.compiler.test_typing" name="test_cast_exception_type_error" time="0.116"/>
        <testcase classname="tests.compiler.test_typing" name="test_lnr_on_double_is_defined" time="0.139"/>
        <testcase classname="tests.compiler.test_typing" name="test_cast_to_string" time="0.117"/>
        <testcase classname="tests.compiler.test_typing" name="test_attribute_type" time="0.115"/>
        <testcase classname="tests.compiler.test_typing" name="test_types_base_type[base_type5]" time="0.026"/>
        <testcase classname="tests.compiler.test_typing" name="test_types_base_type[base_type0]" time="0.039"/>
        <testcase classname="tests.compiler.test_typing" name="test_types_base_type[base_type4]" time="0.044"/>
        <testcase classname="tests.compiler.test_typing" name="test_2132_inheritance_type_override[-[]]" time="0.142"/>
        <testcase classname="tests.compiler.test_typing" name="test_2132_inheritance_type_override[-?]" time="0.135"/>
        <testcase classname="tests.compiler.test_typing" name="test_536_number_cast" time="0.116"/>
        <testcase classname="tests.compiler.test_typing" name="test_types_base_type[base_type3]" time="0.027"/>
        <testcase classname="tests.compiler.test_typing" name="test_2243_override_optional" time="0.092"/>
        <testcase classname="tests.compiler.test_typing" name="test_double_define" time="0.113"/>
        <testcase classname="tests.compiler.test_typing" name="test_cast_exception_int_value_error" time="0.131"/>
        <testcase classname="tests.compiler.test_typing" name="test_cast_to_int" time="0.516"/>
        <testcase classname="tests.compiler.test_typing" name="test_int_type_invalid" time="0.138"/>
        <testcase classname="tests.compiler.test_typing" name="test_int_type" time="0.122"/>
        <testcase classname="tests.compiler.test_typing" name="test_2132_inheritance_type_override[?-]" time="0.130"/>
        <testcase classname="tests.compiler.test_typing" name="test_cast_exception_value_error" time="0.136"/>
        <testcase classname="tests.compiler.test_typing" name="test_cast_exception_wrapped_kwargs" time="0.135"/>
        <testcase classname="tests.compiler.test_typing" name="test_cast_to_number" time="0.119"/>
        <testcase classname="tests.compiler.test_typing" name="test_cast_exception_kwargs" time="0.138"/>
        <testcase classname="tests.compiler.test_typing" name="test_cast_exception_non_primitive" time="0.118"/>
        <testcase classname="tests.compiler.test_typing" name="test_cast_to_bool" time="0.120"/>
        <testcase classname="tests.compiler.test_typing" name="test_cast_exception_too_many_args" time="0.135"/>
        <testcase classname="tests.compiler.test_compile_export"
                  name="test_export_compile_data_to_file_categories[import tests tests::raise_exception('my message')-ExplicitPluginException-plugin_exception-Test: my message-inmanta_plugins.tests.TestPluginException]"
                  time="0.125"/>
        <testcase classname="tests.compiler.test_compile_export"
                  name="test_export_compile_data_to_file_categories[1 = 1-ParserException-parse_error-Syntax error at token =-inmanta.parser.ParserException]"
                  time="0.033"/>
        <testcase classname="tests.compiler.test_compile_export"
                  name="test_export_compile_data_to_file_categories[x.n = 1-NotFoundException-runtime_error-variable x not found-inmanta.ast.NotFoundException]"
                  time="0.153"/>
        <testcase classname="tests.compiler.test_compile_export" name="test_export_compile_data_to_file_overwrite"
                  time="0.206"/>
        <testcase classname="tests.compiler.test_compile_export" name="test_export_compile_data_to_file" time="0.116"/>
        <testcase classname="tests.compiler.test_compile_export" name="test_export_compile_data_to_file_error"
                  time="0.137"/>
        <testcase classname="tests.moduletool.test_python_dependencies" name="test_requirements_from_source_info"
                  time="2.183"/>
        <testcase classname="tests.moduletool.test_python_dependencies" name="test_collect_python_requirements"
                  time="0.319"/>
        <testcase classname="tests.compiler.test_parser_cache" name="test_caching" time="0.514"/>
        <testcase classname="tests.test_loader" name="test_venv_path" time="1.274"/>
        <testcase classname="tests.test_loader" name="test_code_loader_dependency" time="0.041"/>
        <testcase classname="tests.test_loader" name="test_plugin_loading_old_format" time="0.051"/>
        <testcase classname="tests.test_loader" name="test_code_loader" time="0.052"/>
        <testcase classname="tests.test_loader" name="test_code_loader_import_error" time="0.050"/>
        <testcase classname="tests.test_loader" name="test_2312_code_loader_missing_init" time="0.049"/>
        <testcase classname="tests.test_loader" name="test_plugin_loading_on_project_load" time="0.630"/>
        <testcase classname="tests.test_loader" name="test_code_manager" time="1.666"/>
        <testcase classname="tests.test_loader" name="test_module_loader" time="0.031"/>
        <testcase classname="tests.test_loader" name="test_module_unload" time="0.044"/>
        <testcase classname="tests.test_extension_loading" name="test_phase_2" time="0.044"/>
        <testcase classname="tests.test_extension_loading" name="test_phase_3" time="0.049"/>
        <testcase classname="tests.test_extension_loading" name="test_discover_and_load" time="0.049"/>
        <testcase classname="tests.test_extension_loading" name="test_phase_1" time="0.048"/>
        <testcase classname="tests.test_extension_loading" name="test_custom_feature_manager" time="2.936"/>
        <testcase classname="tests.test_extension_loading" name="test_end_to_end" time="0.071"/>
        <testcase classname="tests.test_extension_loading" name="test_startup_failure" time="0.423"/>
        <testcase classname="tests.test_extension_loading" name="test_end_to_end_2" time="0.071"/>
        <testcase classname="tests.test_extension_loading" name="test_load_feature_file" time="0.066"/>
        <testcase classname="tests.test_extension_loading" name="test_load_and_filter" time="0.072"/>
        <testcase classname="tests.test_docstring_parser" name="test_docstring_only_short_description" time="0.066"/>
        <testcase classname="tests.test_docstring_parser" name="test_syntax_error_in_attr_definition_docstring"
                  time="0.069"/>
        <testcase classname="tests.test_docstring_parser" name="test_empty_docstring" time="0.065"/>
        <testcase classname="tests.test_docstring_parser" name="test_docstring" time="0.065"/>
        <testcase classname="tests.moduletool.test_repos" name="test_file_co" time="4.669"/>
        <testcase classname="tests.moduletool.test_repos" name="test_remote_repo_bad" time="0.074"/>
        <testcase classname="tests.moduletool.test_repos" name="test_local_repo_good" time="0.110"/>
        <testcase classname="tests.moduletool.test_repos" name="test_local_repo_bad" time="0.088"/>
        <testcase classname="tests.moduletool.test_repos" name="test_remote_repo_good" time="0.622"/>
        <testcase classname="tests.moduletool.test_repos" name="test_remote_repo_good2" time="0.608"/>
        <testcase classname="tests.db.migration_tests.test_v202209130_to_v202209160" name="test_added_exporter_plugin"
                  time="2.051"/>
        <testcase classname="tests.agent_server.test_agent_timeout" name="test_agent_disconnect" time="30.647"/>
        <testcase classname="tests.agent_server.test_evolution" name="test_resource_evolution" time="14.610"/>
        <testcase classname="tests.compiler.dataflow.test_basic" name="test_dataflow_repr[instance1-'42']"
                  time="0.074"/>
        <testcase classname="tests.compiler.dataflow.test_basic" name="test_dataflow_repr[instance5-x]" time="0.068"/>
        <testcase classname="tests.compiler.dataflow.test_basic" name="test_dataflow_repr[instance4-x]" time="0.067"/>
        <testcase classname="tests.compiler.dataflow.test_basic" name="test_dataflow_repr[instance2-42]" time="0.069"/>
        <testcase classname="tests.compiler.dataflow.test_basic"
                  name="test_dataflow_repr[instance9-attribute n on __config__::MyEntity instance]" time="0.067"/>
        <testcase classname="tests.compiler.dataflow.test_basic" name="test_dataflow_repr[instance6-x.y.z]"
                  time="0.067"/>
        <testcase classname="tests.compiler.dataflow.test_basic"
                  name="test_dataflow_repr[instance7-__config__::MyEntity instance]" time="0.069"/>
        <testcase classname="tests.compiler.dataflow.test_basic" name="test_dataflow_repr[instance3-'Hello World!']"
                  time="0.067"/>
        <testcase classname="tests.compiler.dataflow.test_basic"
                  name="test_dataflow_repr[instance8-__config__::MyEntity instance]" time="0.067"/>
        <testcase classname="tests.compiler.dataflow.test_basic" name="test_dataflow_repr[instance0-42]" time="0.068"/>
        <testcase classname="tests.moduletool.test_module_tool_basics" name="test_rewrite[ModuleV2]" time="0.073"/>
        <testcase classname="tests.moduletool.test_module_tool_basics" name="test_rewrite[ModuleV1]" time="0.074"/>
        <testcase classname="tests.moduletool.test_module_tool_basics" name="test_version_argument" time="1.227"/>
        <testcase classname="tests.moduletool.test_module_tool_basics" name="test_module_corruption" time="2.401"/>
        <testcase classname="tests.moduletool.test_module_tool_basics" name="test_versioning" time="0.071"/>
        <testcase classname="tests.moduletool.test_module_tool_basics" name="test_module_v2_name_underscore[True]"
                  time="0.063"/>
        <testcase classname="tests.moduletool.test_module_tool_basics" name="test_moduletool_create_v1" time="1.620"/>
        <testcase classname="tests.moduletool.test_module_tool_basics" name="test_get_module_metadata_file_not_found"
                  time="0.072"/>
        <testcase classname="tests.moduletool.test_module_tool_basics" name="test_commit_no_tags[True-False-False]"
                  time="0.320"/>
        <testcase classname="tests.moduletool.test_module_tool_basics" name="test_moduletool_create_v2" time="0.913"/>
        <testcase classname="tests.moduletool.test_module_tool_basics" name="test_commit_no_tags[True-True-True]"
                  time="0.329"/>
        <testcase classname="tests.moduletool.test_module_tool_basics" name="test_module_v2_incompatible_commands"
                  time="2.138"/>
        <testcase classname="tests.moduletool.test_module_tool_basics" name="test_module_v2_metadata" time="0.073"/>
        <testcase classname="tests.moduletool.test_module_tool_basics" name="test_commit_no_tags[False-False-True]"
                  time="0.340"/>
        <testcase classname="tests.moduletool.test_module_tool_basics" name="test_module_requires_legacy_invalid"
                  time="0.075"/>
        <testcase classname="tests.moduletool.test_module_tool_basics" name="test_module_requires_single" time="0.073"/>
        <testcase classname="tests.moduletool.test_module_tool_basics" name="test_module_version_non_pep440_complient"
                  time="0.072"/>
        <testcase classname="tests.moduletool.test_module_tool_basics" name="test_get_module_v2" time="0.071"/>
        <testcase classname="tests.moduletool.test_module_tool_basics" name="test_module_requires" time="0.068"/>
        <testcase classname="tests.moduletool.test_module_tool_basics" name="test_module_requires_legacy" time="0.074"/>
        <testcase classname="tests.moduletool.test_module_tool_basics" name="test_get_module_v1" time="0.071"/>
        <testcase classname="tests.moduletool.test_module_tool_basics" name="test_module_v2_name_underscore[False]"
                  time="0.070"/>
        <testcase classname="tests.moduletool.test_module_tool_basics" name="test_commit_no_tags[False-True-True]"
                  time="0.335"/>
        <testcase classname="tests.moduletool.test_module_tool_basics" name="test_invalid_yaml_syntax_in_module_yml"
                  time="0.077"/>
        <testcase classname="tests.db.migration_tests.test_v202109100_to_v202111260"
                  name="test_added_environment_columns" time="3.484"/>
        <testcase classname="tests.test_agent_manager" name="test_api" time="2.818"/>
        <testcase classname="tests.test_agent_manager" name="test_process_already_terminated" time="0.401"/>
        <testcase classname="tests.test_agent_manager" name="test_primary_selection" time="0.744"/>
        <testcase classname="tests.test_agent_manager" name="test_add_internal_agent_when_missing_in_agent_map"
                  time="0.500"/>
        <testcase classname="tests.test_agent_manager" name="test_agent_actions" time="0.918"/>
        <testcase classname="tests.test_agent_manager" name="test_agent_on_resume_actions" time="0.934"/>
        <testcase classname="tests.test_agent_manager" name="test_error_handling_agent_fork" time="0.436"/>
        <testcase classname="tests.test_agent_manager" name="test_expire_all_sessions_in_db" time="0.252"/>
        <testcase classname="tests.test_agent_manager" name="test_exception_occurs_while_processing_session_action"
                  time="0.669"/>
        <testcase classname="tests.test_agent_manager" name="test_session_creation_fails" time="1.451"/>
        <testcase classname="tests.test_agent_manager" name="test_fix_corrupted_database" time="0.856"/>
        <testcase classname="tests.test_agent_manager" name="test_dont_start_paused_agent" time="1.575"/>
        <testcase classname="tests.test_agent_manager" name="test_are_agents_active" time="0.579"/>
        <testcase classname="tests.test_agent_manager" name="test_session_renewal" time="1.493"/>
        <testcase classname="tests.test_agent_manager" name="test_failover_doesnt_make_paused_agent_primary"
                  time="3.878"/>
        <testcase classname="tests.test_agent_manager" name="test_restart_on_environment_setting" time="1.574"/>
        <testcase classname="tests.test_export" name="test_unknown_in_attribute_requires" time="0.111"/>
        <testcase classname="tests.test_export" name="test_unknown_in_id_requires" time="0.114"/>
        <testcase classname="tests.test_export" name="test_2121_wrapped_self_serialize" time="0.116"/>
        <testcase classname="tests.test_export" name="test_resource_set" time="5.318"/>
        <testcase classname="tests.test_export" name="test_1934_cycle_in_dep_mgmr" time="0.080"/>
        <testcase classname="tests.test_export" name="test_resource_in_multiple_resource_sets" time="1.578"/>
        <testcase classname="tests.test_export" name="test_empty_server_export" time="3.145"/>
        <testcase classname="tests.test_export" name="test_dict_export" time="0.119"/>
        <testcase classname="tests.test_export" name="test_bad_value_in_dep_mgmr_2" time="0.112"/>
        <testcase classname="tests.test_export" name="test_old_compiler" time="1.566"/>
        <testcase classname="tests.test_export" name="test_server_export" time="4.493"/>
        <testcase classname="tests.test_export" name="test_2121_wrapped_proxy_serialize" time="0.111"/>
        <testcase classname="tests.test_export" name="test_bad_value_in_dep_mgmr_3" time="0.118"/>
        <testcase classname="tests.test_export" name="test_export_unknown_in_collection" time="0.086"/>
        <testcase classname="tests.test_export" name="test_id_mapping_export" time="0.081"/>
        <testcase classname="tests.test_export" name="test_3787_key_error_export" time="0.103"/>
        <testcase classname="tests.test_export" name="test_bad_value_in_dep_mgmr" time="0.105"/>
        <testcase classname="tests.test_export" name="test_export_null_in_collection" time="0.104"/>
        <testcase classname="tests.test_export" name="test_dict_export_server" time="4.487"/>
        <testcase classname="tests.test_export" name="test_resource_not_exported" time="2.418"/>
        <testcase classname="tests.test_export" name="test_unknown_agent" time="0.114"/>
        <testcase classname="tests.test_export" name="test_ignore_resource" time="0.121"/>
        <testcase classname="tests.test_export" name="test_ignore_resource_requires" time="0.130"/>
        <testcase classname="tests.test_export" name="test_empty_resource_set_removal" time="5.501"/>
        <testcase classname="tests.test_export" name="test_unknown_attribute_value" time="0.083"/>
        <testcase classname="tests.test_util" name="test_ensure_future_and_handle_exception" time="0.224"/>
        <testcase classname="tests.test_util" name="test_is_sub_dict" time="0.023"/>
        <testcase classname="tests.test_util" name="test_scheduler_async_run_fail" time="0.134"/>
        <testcase classname="tests.test_util" name="test_get_product_meta_data" time="0.044"/>
        <testcase classname="tests.test_util" name="test_scheduler_remove" time="0.166"/>
        <testcase classname="tests.test_util" name="test_cron_schedule" time="0.046"/>
        <testcase classname="tests.test_util" name="test_stable_dfs" time="0.027"/>
        <testcase classname="tests.test_util" name="test_scheduler_run_async" time="0.140"/>
        <testcase classname="tests.test_util" name="test_named_lock" time="0.032"/>
        <testcase classname="tests.test_util" name="test_scheduler_waits_on_shutdown[True]" time="0.231"/>
        <testcase classname="tests.test_util" name="test_scheduler_remove_same_action" time="0.027"/>
        <testcase classname="tests.test_util" name="test_interval_schedule_equals" time="0.027"/>
        <testcase classname="tests.test_util" name="test_running_test_fixture" time="0.026"/>
        <testcase classname="tests.test_util" name="test_scheduler_waits_on_shutdown[False]" time="0.225"/>
        <testcase classname="tests.test_util" name="test_cron_schedule_equals" time="0.021"/>
        <testcase classname="tests.test_util" name="test_scheduler_stop" time="0.168"/>
        <testcase classname="tests.test_util" name="test_running_test_fixture_fails" time="0.072">
            <failure message="assert False">def test_running_test_fixture_fails():
                """
                Test that always fails for testing purposes
                """
                &gt; assert False
                E assert False

                tests/test_util.py:503: AssertionError
            </failure>
        </testcase>
        <testcase classname="tests.test_util" name="test_interval_schedule" time="0.052"/>
        <testcase classname="tests.test_util" name="test_scheduler_cancel_executing_tasks" time="0.264"/>
        <testcase classname="tests.moduletool.test_freeze" name="test_module_freeze_self_disk" time="0.435"/>
        <testcase classname="tests.moduletool.test_freeze" name="test_project_freeze_disk" time="0.293"/>
        <testcase classname="tests.moduletool.test_freeze" name="test_freeze_basic" time="0.319"/>
        <testcase classname="tests.moduletool.test_freeze" name="test_module_freeze" time="0.359"/>
        <testcase classname="tests.moduletool.test_freeze" name="test_project_freeze_basic" time="0.351"/>
        <testcase classname="tests.moduletool.test_freeze" name="test_project_freeze_odd_opperator" time="0.777"/>
        <testcase classname="tests.moduletool.test_freeze" name="test_project_options_in_config" time="0.872"/>
        <testcase classname="tests.moduletool.test_freeze" name="test_project_freeze_bad" time="0.427"/>
        <testcase classname="tests.moduletool.test_freeze" name="test_project_freeze" time="1.024"/>
        <testcase classname="tests.server.test_compile_details" name="test_compile_details" time="2.413"/>
        <testcase classname="tests.test_postgres" name="test_postgres_cascade_locking_order_siblings[False]"
                  time="1.188"/>
        <testcase classname="tests.test_postgres" name="test_postgres_cascade_locking_order" time="1.223"/>
        <testcase classname="tests.test_postgres" name="test_postgres_cascade_locking_order_siblings[True]"
                  time="1.217"/>
        <testcase classname="tests.compiler.test_docs" name="test_doc_string_on_impl" time="0.084"/>
        <testcase classname="tests.compiler.test_docs" name="test_doc_string_on_typedefault" time="0.077"/>
        <testcase classname="tests.compiler.test_docs" name="test_doc_string_on_new_relation" time="0.073"/>
        <testcase classname="tests.compiler.test_docs" name="test_doc_string_on_relation" time="0.109"/>
        <testcase classname="tests.compiler.test_docs" name="test_doc_string_on_implements" time="0.120"/>
        <testcase classname="tests.compiler.test_docs" name="test_function_in_typedef" time="0.109"/>
        <testcase classname="tests.compiler.test_docs" name="test_doc_string_on_typedef" time="0.077"/>
        <testcase classname="tests.server.test_compilereport_list" name="test_filter_validation[filter6-400]"
                  time="2.330"/>
        <testcase classname="tests.server.test_compilereport_list" name="test_compile_reports_paging[requested-DESC]"
                  time="2.272"/>
        <testcase classname="tests.server.test_compilereport_list" name="test_filter_validation[filter9-200]"
                  time="2.297"/>
        <testcase classname="tests.server.test_compilereport_list" name="test_filter_validation[filter2-400]"
                  time="2.277"/>
        <testcase classname="tests.server.test_compilereport_list" name="test_filter_validation[filter4-400]"
                  time="2.373"/>
        <testcase classname="tests.server.test_compilereport_list" name="test_sorting_validation[timestamps.DESC-400]"
                  time="2.293"/>
        <testcase classname="tests.server.test_compilereport_list" name="test_compile_reports_paging[requested-ASC]"
                  time="2.335"/>
        <testcase classname="tests.server.test_compilereport_list" name="test_sorting_validation[date.Desc-400]"
                  time="2.248"/>
        <testcase classname="tests.server.test_compilereport_list" name="test_sorting_validation[started.desc-400]"
                  time="2.364"/>
        <testcase classname="tests.server.test_compilereport_list" name="test_sorting_validation[Dates.ASC-400]"
                  time="2.301"/>
        <testcase classname="tests.server.test_compilereport_list" name="test_filter_validation[requested.Desc-400]"
                  time="2.287"/>
        <testcase classname="tests.server.test_compilereport_list" name="test_filter_validation[filter8-400]"
                  time="2.383"/>
        <testcase classname="tests.server.test_compilereport_list" name="test_filter_validation[filter10-400]"
                  time="2.381"/>
        <testcase classname="tests.server.test_compilereport_list" name="test_sorting_validation[requested.asc-200]"
                  time="2.358"/>
        <testcase classname="tests.server.test_compilereport_list" name="test_sorting_validation[timestamps-400]"
                  time="2.318"/>
        <testcase classname="tests.server.test_compilereport_list" name="test_filter_validation[filter7-400]"
                  time="2.230"/>
        <testcase classname="tests.server.test_compilereport_list" name="test_filter_validation[filter3-400]"
                  time="2.239"/>
        <testcase classname="tests.server.test_compilereport_list" name="test_filter_validation[filter1-400]"
                  time="1.607"/>
        <testcase classname="tests.server.test_compilereport_list" name="test_sorting_validation[requested.ASC-200]"
                  time="2.320"/>
        <testcase classname="tests.server.test_compilereport_list" name="test_sorting_validation[requested.dsc-400]"
                  time="2.330"/>
        <testcase classname="tests.server.test_compilereport_list" name="test_filter_validation[filter5-400]"
                  time="2.296"/>
        <testcase classname="tests.server.test_compilereport_list" name="test_compile_reports_filters" time="2.340"/>
        <testcase classname="tests.server.test_compilereport_list" name="test_sorting_validation[timestamp.Desc-400]"
                  time="2.331"/>
        <testcase classname="tests.server.test_resource_action_logs" name="test_log_without_kwargs" time="4.467"/>
        <testcase classname="tests.server.test_resource_action_logs" name="test_filter_validation[filter7-200]"
                  time="4.471"/>
        <testcase classname="tests.server.test_resource_action_logs" name="test_filter_validation[filter3-400]"
                  time="4.692"/>
        <testcase classname="tests.server.test_resource_action_logs" name="test_sorting_validation[timestamps.DESC-400]"
                  time="4.228"/>
        <testcase classname="tests.server.test_resource_action_logs" name="test_filter_validation[filter4-400]"
                  time="4.297"/>
        <testcase classname="tests.server.test_resource_action_logs" name="test_filter_validation[filter5-200]"
                  time="5.142"/>
        <testcase classname="tests.server.test_resource_action_logs" name="test_sorting_validation[timestamp.dsc-400]"
                  time="4.442"/>
        <testcase classname="tests.server.test_resource_action_logs" name="test_sorting_validation[Dates.ASC-400]"
                  time="4.428"/>
        <testcase classname="tests.server.test_resource_action_logs" name="test_resource_action_logs_filtering"
                  time="5.143"/>
        <testcase classname="tests.server.test_resource_action_logs" name="test_log_nested_kwargs" time="4.378"/>
        <testcase classname="tests.server.test_resource_action_logs" name="test_sorting_validation[timestamp.asc-200]"
                  time="4.466"/>
        <testcase classname="tests.server.test_resource_action_logs" name="test_filter_validation[filter6-400]"
                  time="4.414"/>
        <testcase classname="tests.server.test_resource_action_logs" name="test_resource_logs_paging[timestamp-DESC]"
                  time="4.285"/>
        <testcase classname="tests.server.test_resource_action_logs" name="test_filter_validation[filter1-200]"
                  time="4.412"/>
        <testcase classname="tests.server.test_resource_action_logs" name="test_sorting_validation[timestamps-400]"
                  time="4.450"/>
        <testcase classname="tests.server.test_resource_action_logs" name="test_sorting_validation[timestamp.ASC-200]"
                  time="4.439"/>
        <testcase classname="tests.server.test_resource_action_logs" name="test_filter_validation[agents.Desc-400]"
                  time="4.340"/>
        <testcase classname="tests.server.test_resource_action_logs" name="test_resource_logs_paging[timestamp-ASC]"
                  time="4.526"/>
        <testcase classname="tests.server.test_resource_action_logs" name="test_sorting_validation[date.Desc-400]"
                  time="4.285"/>
        <testcase classname="tests.server.test_resource_action_logs" name="test_filter_validation[filter2-200]"
                  time="4.303"/>
        <testcase classname="tests.server.test_notifications" name="test_update_read_cleared" time="2.319"/>
        <testcase classname="tests.server.test_notifications" name="test_notification_cleanup_on_start" time="3.155"/>
        <testcase classname="tests.server.test_notifications" name="test_notifications_paging[ASC]" time="2.302"/>
        <testcase classname="tests.server.test_notifications" name="test_notifications_deleted_when_env_cleared"
                  time="3.759"/>
        <testcase classname="tests.server.test_notifications" name="test_notifications_deleted_when_env_deleted"
                  time="2.538"/>
[...]
        <testcase classname="tests.compiler.test_warnings" name="test_warnings[False-error-True-False]" time="0.037"/>
        <testcase classname="tests.compiler.test_warnings" name="test_warnings[False-None-False-True]" time="0.068"/>
        <testcase classname="tests.compiler.test_warnings" name="test_shadow_warning" time="0.125"/>
        <testcase classname="tests.compiler.test_warnings" name="test_deprecation_minus_in_implementation_name"
                  time="0.101"/>
        <testcase classname="tests.compiler.test_warnings" name="test_2030_type_overwrite_warning" time="0.073"/>
        <testcase classname="tests.compiler.test_warnings" name="test_warnings[True-None-False-True]" time="0.023"/>
        <testcase classname="tests.compiler.test_warnings" name="test_deprecation_minus_import_as" time="0.112"/>
        <testcase classname="tests.compiler.test_warnings" name="test_warnings[True-warn-False-True]" time="0.024"/>
        <testcase classname="tests.compiler.test_warnings" name="test_deprecation_minus_in_assign_variable_name"
                  time="0.072"/>
        <testcase classname="tests.compiler.test_warnings"
                  name="test_1950_deprecation_warning_nullable_diamond_inheritance[False]" time="0.075"/>
        <testcase classname="tests.compiler.test_options" name="test_isset" time="0.074"/>
        <testcase classname="tests.compiler.test_options" name="test_option_values" time="0.106"/>
        <testcase classname="tests.server.test_resource_list" name="test_filter_validation[filter3-200]" time="3.055"/>
        <testcase classname="tests.server.test_resource_list" name="test_sorting_validation[state.DESC-400]"
                  time="3.048"/>
        <testcase classname="tests.server.test_resource_list" name="test_sorting_validation[resource_id_value.desc-200]"
                  time="3.053"/>
        <testcase classname="tests.server.test_resource_list" name="test_filter_resources" time="3.367"/>
        <testcase classname="tests.server.test_resource_list" name="test_resources_paging[resource_type-DESC]"
                  time="3.066"/>
        <testcase classname="tests.server.test_resource_list" name="test_has_only_one_version_from_resource"
                  time="2.957"/>
        <testcase classname="tests.server.test_resource_list" name="test_sorting_validation[status.ASC-200]"
                  time="2.809"/>
        <testcase classname="tests.server.test_resource_list" name="test_resources_paging[agent-ASC]" time="2.933"/>
        <testcase classname="tests.server.test_resource_list" name="test_sorting_validation[resource_type.dsc-400]"
                  time="2.903"/>
        <testcase classname="tests.server.test_resource_list"
                  name="test_sorting_validation[resource_id_values.desc-400]" time="3.193"/>
        <testcase classname="tests.server.test_resource_list" name="test_resources_paging[status-ASC]" time="3.085"/>
        <testcase classname="tests.server.test_resource_list" name="test_resources_paging[status-DESC]" time="3.037"/>
        <testcase classname="tests.server.test_resource_list" name="test_deploy_summary" time="3.102"/>
        <testcase classname="tests.server.test_resource_list" name="test_resources_paging[resource_type-ASC]"
                  time="3.109"/>
        <testcase classname="tests.server.test_resource_list" name="test_filter_validation[agents.Desc-400]"
                  time="3.014"/>
        <testcase classname="tests.server.test_resource_list" name="test_filter_validation[filter4-400]" time="3.007"/>
        <testcase classname="tests.server.test_resource_list" name="test_resources_paging[agent-DESC]" time="2.966"/>
        <testcase classname="tests.server.test_resource_list" name="test_filter_validation[filter2-400]" time="3.066"/>
        <testcase classname="tests.server.test_resource_list" name="test_sorting_validation[agents.Desc-400]"
                  time="2.942"/>
        <testcase classname="tests.server.test_resource_list" name="test_paging_param_validation" time="3.170"/>
        <testcase classname="tests.server.test_resource_list" name="test_resources_paging[resource_id_value-DESC]"
                  time="3.130"/>
        <testcase classname="tests.server.test_resource_list" name="test_sorting_validation[agent.asc-200]"
                  time="3.143"/>
        <testcase classname="tests.server.test_resource_list" name="test_filter_validation[filter1-200]" time="3.136"/>
        <testcase classname="tests.server.test_resource_list" name="test_sorting_validation[resource_type-400]"
                  time="3.050"/>
        <testcase classname="tests.server.test_resource_list" name="test_filter_validation[filter5-400]" time="3.064"/>
        <testcase classname="tests.server.test_resource_list" name="test_resources_paging[resource_id_value-ASC]"
                  time="3.096"/>
        <testcase classname="tests.server.test_resource_list" name="test_filter_validation[filter6-400]" time="2.994"/>
        <testcase classname="tests.server.test_resource_list" name="test_resource_list_no_released_version"
                  time="3.053"/>
        <testcase classname="tests.compiler.test_conditional" name="test_if_scope_new" time="0.124"/>
        <testcase classname="tests.compiler.test_conditional" name="test_if_scope_double_assignment" time="0.121"/>
        <testcase classname="tests.compiler.test_conditional" name="test_if_elif_false" time="0.122"/>
        <testcase classname="tests.compiler.test_conditional" name="test_1573_if_dict_lookup" time="0.103"/>
        <testcase classname="tests.compiler.test_conditional" name="test_if_elif_elif_else[true-true-true-if_branche]"
                  time="0.119"/>
        <testcase classname="tests.compiler.test_conditional" name="test_if_false" time="0.079"/>
        <testcase classname="tests.compiler.test_conditional" name="test_if_elif_elif_else[true-false-true-if_branche]"
                  time="0.076"/>
        <testcase classname="tests.compiler.test_conditional" name="test_1808_non_boolean_if" time="0.075"/>
        <testcase classname="tests.compiler.test_conditional" name="test_if_elif_true" time="0.114"/>
        <testcase classname="tests.compiler.test_conditional" name="test_conditional_expression_when" time="0.080"/>
        <testcase classname="tests.compiler.test_conditional" name="test_if_else_false" time="0.075"/>
        <testcase classname="tests.compiler.test_conditional" name="test_1804_false_and_condition" time="0.076"/>
        <testcase classname="tests.compiler.test_conditional"
                  name="test_if_elif_elif_else[false-true-false-elif1_branche]" time="0.083"/>
        <testcase classname="tests.compiler.test_conditional" name="test_if_elif_elif_else[true-true-false-if_branche]"
                  time="0.082"/>
        <testcase classname="tests.compiler.test_conditional"
                  name="test_if_elif_elif_else[false-false-true-elif2_branche]" time="0.077"/>
        <testcase classname="tests.compiler.test_conditional" name="test_1573_implementation_condition_dict_lookup"
                  time="0.111"/>
        <testcase classname="tests.compiler.test_conditional" name="test_1808_non_boolean_condition_direct_exec"
                  time="0.109"/>
        <testcase classname="tests.compiler.test_conditional" name="test_if_relation_count_false" time="0.115"/>
        <testcase classname="tests.compiler.test_conditional"
                  name="test_conditional_expression_prevents_modify_after_freeze" time="0.114"/>
        <testcase classname="tests.compiler.test_conditional"
                  name="test_if_elif_elif_else[false-true-true-elif1_branche]" time="0.077"/>
        <testcase classname="tests.compiler.test_conditional" name="test_if_scope_capture" time="0.073"/>
        <testcase classname="tests.compiler.test_conditional" name="test_if_true" time="0.105"/>
        <testcase classname="tests.compiler.test_conditional" name="test_if_relation_count" time="0.117"/>
        <testcase classname="tests.compiler.test_conditional" name="test_1804_implementation_condition_false"
                  time="0.615"/>
        <testcase classname="tests.compiler.test_conditional" name="test_1808_non_boolean_condition" time="0.094"/>
        <testcase classname="tests.compiler.test_conditional" name="test_if_else_true" time="0.123"/>
        <testcase classname="tests.compiler.test_conditional" name="test_conditional_expression" time="0.078"/>
        <testcase classname="tests.compiler.test_conditional" name="test_1808_non_boolean_not" time="0.109"/>
        <testcase classname="tests.compiler.test_conditional" name="test_if_elif_elif_else[true-false-false-if_branche]"
                  time="0.084"/>
        <testcase classname="tests.compiler.test_conditional" name="test_if_else_extended" time="0.077"/>
        <testcase classname="tests.compiler.test_conditional"
                  name="test_if_elif_elif_else[false-false-false-else_branche]" time="0.076"/>
        <testcase classname="tests.compiler.test_conditional" name="test_1808_non_boolean_when" time="0.077"/>
        <testcase classname="tests.db.migration_tests.test_v3_to_v4" name="test_db_migration" time="19.459"/>
        <testcase classname="tests.test_resource" name="test_resource_base" time="0.088"/>
        <testcase classname="tests.test_resource" name="test_resource_invalid_agent_name_entity" time="0.118"/>
        <testcase classname="tests.test_resource" name="test_parse_id_regex" time="0.014"/>
        <testcase classname="tests.test_resource" name="test_field_merge" time="0.013"/>
        <testcase classname="tests.test_resource" name="test_resource_base_with_method_key" time="0.051"/>
        <testcase classname="tests.test_resource" name="test_resource_with_private_method" time="0.090"/>
        <testcase classname="tests.test_resource" name="test_resource_invalid_agent_name_annotation" time="0.027"/>
        <testcase classname="tests.test_resource" name="test_resource_with_keyword" time="0.042"/>
        <testcase classname="tests.test_resource" name="test_parse_rvid_regex" time="0.013"/>
        <testcase classname="tests.test_resource" name="test_fields_parent_type" time="0.013"/>
        <testcase classname="tests.test_resource" name="test_is_resource_version_id" time="0.013"/>
        <testcase classname="tests.test_resource" name="test_resource_invalid_agent_name_attribute_type" time="0.097"/>
        <testcase classname="tests.test_resource" name="test_fields_type" time="0.014"/>
        <testcase classname="tests.test_resource" name="test_object_to_id" time="0.105"/>
        <testcase classname="tests.test_modules" name="test_bad_module" time="0.014"/>
        <testcase classname="tests.test_modules" name="test_module" time="0.020"/>
        <testcase classname="tests.test_modules" name="test_from_path" time="0.064"/>
        <testcase classname="tests.test_modules"
                  name="test_get_requirements[False-all_python_requirements1-strict_python_requirements1-module_requirements1-module_v2_requirements1]"
                  time="0.048"/>
        <testcase classname="tests.test_modules" name="test_is_versioned" time="10.591"/>
        <testcase classname="tests.test_modules" name="test_module_v2_source_get_installed_module_editable[False]"
                  time="1.903"/>
        <testcase classname="tests.test_modules" name="test_module_v2_from_v1_path" time="1.509"/>
        <testcase classname="tests.test_modules" name="test_module_v2_incorrect_install_warning" time="13.377"/>
        <testcase classname="tests.test_modules" name="test_module_v2_source_path_for_v1" time="0.062"/>
        <testcase classname="tests.test_modules"
                  name="test_get_requirements[True-all_python_requirements0-strict_python_requirements0-module_requirements0-module_v2_requirements0]"
                  time="0.035"/>
        <testcase classname="tests.test_modules" name="test_module_v2_source_get_installed_module_editable[True]"
                  time="4.491"/>
        <testcase classname="tests.test_modules" name="test_to_v2" time="0.021"/>
        <testcase classname="tests.test_modules.TestModuleName" name="test_non_matching_name_v2_module" time="0.042"/>
        <testcase classname="tests.test_modules.TestModuleName" name="test_wrong_name" time="0.046"/>
        <testcase classname="tests.compiler.test_dict" name="test_string_interpolation_in_key" time="0.052"/>
        <testcase classname="tests.compiler.test_dict" name="test_dict_is_defined_4317[a[&quot;D&quot;]-True]"
                  time="0.118"/>
        <testcase classname="tests.compiler.test_dict"
                  name="test_dict_is_defined_4317[a[&quot;A&quot;][&quot;3&quot;]-False]" time="0.112"/>
        <testcase classname="tests.compiler.test_dict" name="test_dict_is_defined_4317[a[&quot;B&quot;]-False]"
                  time="0.108"/>
        <testcase classname="tests.compiler.test_dict"
                  name="test_dict_is_defined_4317[a[&quot;A&quot;][&quot;4&quot;]-False]" time="0.115"/>
        <testcase classname="tests.compiler.test_dict" name="test_constructor_kwargs_double_set" time="0.088"/>
        <testcase classname="tests.compiler.test_dict" name="test_dict_is_defined_4317[t.a[&quot;b&quot;]-False]"
                  time="0.088"/>
        <testcase classname="tests.compiler.test_dict" name="test_673_in_dict" time="0.088"/>
        <testcase classname="tests.compiler.test_dict" name="test_dict_attr" time="0.086"/>
        <testcase classname="tests.compiler.test_dict" name="test_dict_collide" time="0.022"/>
        <testcase classname="tests.compiler.test_dict" name="test_1168_const_dict_failure" time="0.125"/>
        <testcase classname="tests.compiler.test_dict" name="test_interpolation_in_dict_keys" time="0.089"/>
        <testcase classname="tests.compiler.test_dict"
                  name="test_dict_is_defined_4317[a[&quot;A&quot;][&quot;1&quot;]-True]" time="0.090"/>
        <testcase classname="tests.compiler.test_dict" name="test_indexlookup_kwargs" time="0.088"/>
        <testcase classname="tests.compiler.test_dict" name="test_short_indexlookup_kwargs" time="0.093"/>
        <testcase classname="tests.compiler.test_dict" name="test_2003_constructor_kwargs_default[False]" time="0.099"/>
        <testcase classname="tests.compiler.test_dict" name="test_632_dict_access_3" time="0.086"/>
        <testcase classname="tests.compiler.test_dict" name="test_611_dict_access" time="0.111"/>
        <testcase classname="tests.compiler.test_dict" name="test_632_dict_access_2" time="0.086"/>
        <testcase classname="tests.compiler.test_dict" name="test_dict_is_defined_4317[a[&quot;C&quot;]-False]"
                  time="0.109"/>
        <testcase classname="tests.compiler.test_dict" name="test_dict_is_defined_4317[a[&quot;K&quot;]-False]"
                  time="0.110"/>
        <testcase classname="tests.compiler.test_dict" name="test_constructor_kwargs" time="0.114"/>
        <testcase classname="tests.compiler.test_dict" name="test_dict" time="0.087"/>
        <testcase classname="tests.compiler.test_dict" name="test_2003_constructor_kwargs_default[True]" time="0.112"/>
        <testcase classname="tests.compiler.test_dict"
                  name="test_dict_is_defined_4317[a[&quot;A&quot;][&quot;2&quot;]-False]" time="0.107"/>
        <testcase classname="tests.compiler.test_dict" name="test_constructor_kwargs_index_match" time="0.086"/>
        <testcase classname="tests.compiler.test_dict" name="test_dict_attr_type_error" time="0.616"/>
        <testcase classname="tests.compiler.test_dict" name="test_dict_is_defined_4317[a[&quot;A&quot;]-True]"
                  time="0.089"/>
        <testcase classname="tests.compiler.test_dict" name="test_dict_is_defined_4317[t.a[&quot;a&quot;]-True]"
                  time="0.087"/>
        <testcase classname="tests.compiler.test_dict" name="test_bad_map_lookup" time="0.088"/>
        <testcase classname="tests.compiler.test_dict" name="test_dict_is_defined_4317[a[&quot;E&quot;]-True]"
                  time="0.109"/>
        <testcase classname="tests.compiler.test_dict" name="test_1168_const_dict" time="0.116"/>
        <testcase classname="tests.db.migration_tests.test_v202105170_to_v202106080" name="test_timestamp_timezones"
                  time="6.747"/>
        <testcase classname="tests.test_openapi" name="test_openapi_types_uuid" time="0.055"/>
        <testcase classname="tests.test_openapi" name="test_openapi_types_float" time="0.053"/>
        <testcase classname="tests.test_openapi" name="test_get_operation_partial_documentation" time="0.059"/>
        <testcase classname="tests.test_openapi" name="test_generate_openapi_definition" time="3.273"/>
        <testcase classname="tests.test_openapi" name="test_openapi_endpoint" time="0.930"/>
        <testcase classname="tests.test_openapi" name="test_openapi_types_list" time="0.067"/>
        <testcase classname="tests.test_openapi" name="test_openapi_types_int" time="0.069"/>
        <testcase classname="tests.test_openapi" name="test_post_operation_partial_documentation" time="0.084"/>
        <testcase classname="tests.test_openapi" name="test_return_value" time="0.081"/>
        <testcase classname="tests.test_openapi" name="test_openapi_types_dict" time="0.069"/>
        <testcase classname="tests.test_openapi" name="test_openapi_schema" time="0.072"/>
        <testcase classname="tests.test_openapi" name="test_openapi_types_enum" time="0.069"/>
        <testcase classname="tests.test_openapi" name="test_openapi_types_optional_union" time="0.070"/>
        <testcase classname="tests.test_openapi" name="test_openapi_types_bytes" time="0.069"/>
        <testcase classname="tests.test_openapi" name="test_openapi_types_env_setting" time="0.064"/>
        <testcase classname="tests.test_openapi" name="test_openapi_types_optional" time="0.041"/>
        <testcase classname="tests.test_openapi" name="test_swagger_endpoint" time="0.713"/>
        <testcase classname="tests.test_openapi" name="test_tags" time="0.640"/>
        <testcase classname="tests.test_openapi" name="test_filter_api_methods" time="0.409"/>
        <testcase classname="tests.test_openapi" name="test_openapi_types_dict_of_union" time="0.041"/>
        <testcase classname="tests.test_openapi" name="test_post_operation_no_docstring" time="0.065"/>
        <testcase classname="tests.test_openapi" name="test_get_function_parameters" time="0.079"/>
        <testcase classname="tests.test_openapi" name="test_openapi_types_union_optional" time="0.055"/>
        <testcase classname="tests.test_openapi" name="test_get_operation_no_docstring" time="0.086"/>
        <testcase classname="tests.test_openapi" name="test_get_openapi_types" time="0.072"/>
        <testcase classname="tests.test_openapi" name="test_openapi_types_union" time="0.069"/>
        <testcase classname="tests.test_openapi" name="test_get_operation" time="0.084"/>
        <testcase classname="tests.test_openapi" name="test_openapi_types_string" time="0.068"/>
        <testcase classname="tests.test_openapi" name="test_post_operation" time="0.087"/>
        <testcase classname="tests.test_openapi" name="test_openapi_types_list_of_list_of_optional_model" time="0.072"/>
        <testcase classname="tests.test_openapi" name="test_openapi_types_list_of_model" time="0.071"/>
        <testcase classname="tests.test_openapi" name="test_openapi_types_anyurl" time="0.079"/>
        <testcase classname="tests.test_openapi" name="test_openapi_types_datetime" time="0.069"/>
        <testcase classname="tests.test_openapi" name="test_openapi_types_tuple" time="0.071"/>
        <testcase classname="tests.test_openapi" name="test_openapi_types_bool" time="0.072"/>
        <testcase classname="tests.test_openapi" name="test_openapi_types_base_model" time="1.520"/>
    </testsuite>
</testsuites>
